0 info it worked if it ends with ok
1 verbose cli [ '/Users/hcl/.nvm/versions/node/v6.9.1/bin/node',
1 verbose cli   '/Users/hcl/.nvm/versions/node/v6.9.1/bin/npm',
1 verbose cli   'start' ]
2 info using npm@3.10.8
3 info using node@v6.9.1
4 verbose run-script [ 'prestart', 'start', 'poststart' ]
5 info lifecycle environment-based-configuration-sample@1.0.0~prestart: environment-based-configuration-sample@1.0.0
6 silly lifecycle environment-based-configuration-sample@1.0.0~prestart: no script for prestart, continuing
7 info lifecycle environment-based-configuration-sample@1.0.0~start: environment-based-configuration-sample@1.0.0
8 verbose lifecycle environment-based-configuration-sample@1.0.0~start: unsafe-perm in lifecycle true
9 verbose lifecycle environment-based-configuration-sample@1.0.0~start: PATH: /Users/hcl/.nvm/versions/node/v6.9.1/lib/node_modules/npm/bin/node-gyp-bin:/Users/hcl/Arul/practice/nodejs/environment-based-configuration/node_modules/.bin:/Users/hcl/.nvm/versions/node/v6.9.1/bin:/Users/hcl/.rvm/gems/ruby-2.3.1/bin:/Users/hcl/.rvm/gems/ruby-2.3.1@global/bin:/Users/hcl/.rvm/rubies/ruby-2.3.1/bin:/usr/local/bin:/usr/bin:/bin:/usr/sbin:/sbin:/Users/hcl/.rvm/gems/ruby-2.3.1/bin:/Users/hcl/.rvm/gems/ruby-2.3.1@global/bin:/Users/hcl/.rvm/rubies/ruby-2.3.1/bin:/Users/hcl/.rvm/bin
10 verbose lifecycle environment-based-configuration-sample@1.0.0~start: CWD: /Users/hcl/Arul/practice/nodejs/environment-based-configuration
11 silly lifecycle environment-based-configuration-sample@1.0.0~start: Args: [ '-c',
11 silly lifecycle   'export NODE_ENV=production  && npm run build-server && npm run start-node' ]
12 silly lifecycle environment-based-configuration-sample@1.0.0~start: Returned: code: 1  signal: null
13 info lifecycle environment-based-configuration-sample@1.0.0~start: Failed to exec start script
14 verbose stack Error: environment-based-configuration-sample@1.0.0 start: `export NODE_ENV=production  && npm run build-server && npm run start-node`
14 verbose stack Exit status 1
14 verbose stack     at EventEmitter.<anonymous> (/Users/hcl/.nvm/versions/node/v6.9.1/lib/node_modules/npm/lib/utils/lifecycle.js:255:16)
14 verbose stack     at emitTwo (events.js:106:13)
14 verbose stack     at EventEmitter.emit (events.js:191:7)
14 verbose stack     at ChildProcess.<anonymous> (/Users/hcl/.nvm/versions/node/v6.9.1/lib/node_modules/npm/lib/utils/spawn.js:40:14)
14 verbose stack     at emitTwo (events.js:106:13)
14 verbose stack     at ChildProcess.emit (events.js:191:7)
14 verbose stack     at maybeClose (internal/child_process.js:877:16)
14 verbose stack     at Process.ChildProcess._handle.onexit (internal/child_process.js:226:5)
15 verbose pkgid environment-based-configuration-sample@1.0.0
16 verbose cwd /Users/hcl/Arul/practice/nodejs/environment-based-configuration
17 error Darwin 16.7.0
18 error argv "/Users/hcl/.nvm/versions/node/v6.9.1/bin/node" "/Users/hcl/.nvm/versions/node/v6.9.1/bin/npm" "start"
19 error node v6.9.1
20 error npm  v3.10.8
21 error code ELIFECYCLE
22 error environment-based-configuration-sample@1.0.0 start: `export NODE_ENV=production  && npm run build-server && npm run start-node`
22 error Exit status 1
23 error Failed at the environment-based-configuration-sample@1.0.0 start script 'export NODE_ENV=production  && npm run build-server && npm run start-node'.
23 error Make sure you have the latest version of node.js and npm installed.
23 error If you do, this is most likely a problem with the environment-based-configuration-sample package,
23 error not with npm itself.
23 error Tell the author that this fails on your system:
23 error     export NODE_ENV=production  && npm run build-server && npm run start-node
23 error You can get information on how to open an issue for this project with:
23 error     npm bugs environment-based-configuration-sample
23 error Or if that isn't available, you can get their info via:
23 error     npm owner ls environment-based-configuration-sample
23 error There is likely additional logging output above.
24 verbose exit [ 1, true ]
